{
  "stats": {
    "suites": 1,
    "tests": 13,
    "passes": 13,
    "pending": 0,
    "failures": 0,
    "start": "2024-08-12T12:21:07.108Z",
    "end": "2024-08-12T12:21:11.070Z",
    "duration": 3962,
    "testsRegistered": 13,
    "passPercent": 100,
    "pendingPercent": 0,
    "other": 0,
    "hasOther": false,
    "skipped": 0,
    "hasSkipped": false
  },
  "results": [
    {
      "uuid": "dba3d937-675a-45e4-a272-02fe803367b3",
      "title": "",
      "fullFile": "cypress\\e2e\\tests\\petTests.cy.js",
      "file": "cypress\\e2e\\tests\\petTests.cy.js",
      "beforeHooks": [],
      "afterHooks": [],
      "tests": [],
      "suites": [
        {
          "uuid": "6267556c-fa32-4df4-8470-f2a3eb3f2bb4",
          "title": "Pet Tests",
          "fullFile": "",
          "file": "",
          "beforeHooks": [],
          "afterHooks": [],
          "tests": [
            {
              "title": "/v2/pet addPet",
              "fullTitle": "Pet Tests /v2/pet addPet",
              "timedOut": null,
              "duration": 1061,
              "state": "passed",
              "speed": "fast",
              "pass": true,
              "fail": false,
              "pending": false,
              "context": null,
              "code": "cy.request({\n  method: 'POST',\n  url: url + \"/v2/pet\",\n  body: petData.dogData()\n}).then(response => {\n  expect(response.status).to.eq(200);\n});",
              "err": {},
              "uuid": "930d9c8f-4bfd-4060-bc69-08037f7b4d99",
              "parentUUID": "6267556c-fa32-4df4-8470-f2a3eb3f2bb4",
              "isHook": false,
              "skipped": false
            },
            {
              "title": "/v2/pet/907 getId",
              "fullTitle": "Pet Tests /v2/pet/907 getId",
              "timedOut": null,
              "duration": 189,
              "state": "passed",
              "speed": "fast",
              "pass": true,
              "fail": false,
              "pending": false,
              "context": null,
              "code": "cy.request('GET', url + \"/v2/pet/907\").then(response => {\n  expect(response.status).to.eq(200);\n});",
              "err": {},
              "uuid": "247ee208-426a-4d6c-8c43-751d46dd829d",
              "parentUUID": "6267556c-fa32-4df4-8470-f2a3eb3f2bb4",
              "isHook": false,
              "skipped": false
            },
            {
              "title": "/v2/pet/9077 getId",
              "fullTitle": "Pet Tests /v2/pet/9077 getId",
              "timedOut": null,
              "duration": 193,
              "state": "passed",
              "speed": "fast",
              "pass": true,
              "fail": false,
              "pending": false,
              "context": null,
              "code": "cy.request({\n  method: 'GET',\n  url: url + \"/v2/pet/9077\",\n  failOnStatusCode: false\n}).then(response => {\n  expect(response.status).to.eq(404); //Not Found\n});",
              "err": {},
              "uuid": "c1a37a8d-cca9-444a-b586-8266659d3194",
              "parentUUID": "6267556c-fa32-4df4-8470-f2a3eb3f2bb4",
              "isHook": false,
              "skipped": false
            },
            {
              "title": "/v2/pet/9077 getNullId",
              "fullTitle": "Pet Tests /v2/pet/9077 getNullId",
              "timedOut": null,
              "duration": 214,
              "state": "passed",
              "speed": "fast",
              "pass": true,
              "fail": false,
              "pending": false,
              "context": null,
              "code": "cy.request({\n  method: 'GET',\n  url: url + \"/v2/pet/\",\n  failOnStatusCode: false\n}).then(response => {\n  expect(response.status).to.eq(405); //Method Not Allowed\n});",
              "err": {},
              "uuid": "319fd9ca-ed53-42dd-9c37-d6e4ad8108c5",
              "parentUUID": "6267556c-fa32-4df4-8470-f2a3eb3f2bb4",
              "isHook": false,
              "skipped": false
            },
            {
              "title": "/v2/pet addSecondPet",
              "fullTitle": "Pet Tests /v2/pet addSecondPet",
              "timedOut": null,
              "duration": 194,
              "state": "passed",
              "speed": "fast",
              "pass": true,
              "fail": false,
              "pending": false,
              "context": null,
              "code": "cy.request({\n  method: 'POST',\n  url: url + \"/v2/pet\",\n  body: petData.birdData()\n}).then(response => {\n  expect(response.status).to.eq(200);\n});",
              "err": {},
              "uuid": "ed51cc19-bc39-44a1-acd8-513c4aef2b19",
              "parentUUID": "6267556c-fa32-4df4-8470-f2a3eb3f2bb4",
              "isHook": false,
              "skipped": false
            },
            {
              "title": "/v2/pet/findByStatus?status=sold getStatus",
              "fullTitle": "Pet Tests /v2/pet/findByStatus?status=sold getStatus",
              "timedOut": null,
              "duration": 328,
              "state": "passed",
              "speed": "fast",
              "pass": true,
              "fail": false,
              "pending": false,
              "context": null,
              "code": "cy.request('GET', url + \"/v2/pet/findByStatus?status=sold\").then(response => {\n  expect(response.status).to.eq(200);\n});",
              "err": {},
              "uuid": "a04605ee-19f7-4464-9948-c1cbdd8030e6",
              "parentUUID": "6267556c-fa32-4df4-8470-f2a3eb3f2bb4",
              "isHook": false,
              "skipped": false
            },
            {
              "title": "/v2/pet/907 updatePet",
              "fullTitle": "Pet Tests /v2/pet/907 updatePet",
              "timedOut": null,
              "duration": 218,
              "state": "passed",
              "speed": "fast",
              "pass": true,
              "fail": false,
              "pending": false,
              "context": null,
              "code": "cy.request({\n  method: 'POST',\n  url: url + \"/v2/pet/907\",\n  body: petData.updateFormData(),\n  headers: petData.headerPayload()\n}).then(response => {\n  expect(response.status).to.eq(200);\n});",
              "err": {},
              "uuid": "8f130bff-56e5-4238-9301-183f25ab18cc",
              "parentUUID": "6267556c-fa32-4df4-8470-f2a3eb3f2bb4",
              "isHook": false,
              "skipped": false
            },
            {
              "title": "/v2/pet/9099 updateWrongId",
              "fullTitle": "Pet Tests /v2/pet/9099 updateWrongId",
              "timedOut": null,
              "duration": 193,
              "state": "passed",
              "speed": "fast",
              "pass": true,
              "fail": false,
              "pending": false,
              "context": null,
              "code": "cy.request({\n  method: 'POST',\n  url: url + \"/v2/pet/9099\",\n  body: petData.updateFormData(),\n  headers: petData.headerPayload(),\n  failOnStatusCode: false\n}).then(response => {\n  expect(response.status).to.eq(404); //Not Found\n});",
              "err": {},
              "uuid": "e07a936b-5ca3-4aa5-a9b2-a56bbf1533f6",
              "parentUUID": "6267556c-fa32-4df4-8470-f2a3eb3f2bb4",
              "isHook": false,
              "skipped": false
            },
            {
              "title": "/v2/pet updateExistingPet",
              "fullTitle": "Pet Tests /v2/pet updateExistingPet",
              "timedOut": null,
              "duration": 198,
              "state": "passed",
              "speed": "fast",
              "pass": true,
              "fail": false,
              "pending": false,
              "context": null,
              "code": "cy.request({\n  method: 'PUT',\n  url: url + \"/v2/pet\",\n  body: petData.updateStatusData(\"available\")\n}).then(response => {\n  expect(response.status).to.eq(200);\n});",
              "err": {},
              "uuid": "bfd5cf08-4099-483f-98ef-01a3cb4f7397",
              "parentUUID": "6267556c-fa32-4df4-8470-f2a3eb3f2bb4",
              "isHook": false,
              "skipped": false
            },
            {
              "title": "/v2/pet updateErrorId",
              "fullTitle": "Pet Tests /v2/pet updateErrorId",
              "timedOut": null,
              "duration": 195,
              "state": "passed",
              "speed": "fast",
              "pass": true,
              "fail": false,
              "pending": false,
              "context": null,
              "code": "cy.request({\n  method: 'PUT',\n  url: url + \"/v2/pet\",\n  body: petData.updateWrongId(\"9999999999999999999999999999999999999999999999999999999999999999999999999999999999999999999999999999999999999999999999999999999999999999999999999999999999999999999999999999999999999999999999999999999999999999999999999999999\"),\n  failOnStatusCode: false\n}).then(response => {\n  expect(response.status).to.eq(500); //Server Error\n});",
              "err": {},
              "uuid": "504db51e-1898-4855-8356-082f2ead985a",
              "parentUUID": "6267556c-fa32-4df4-8470-f2a3eb3f2bb4",
              "isHook": false,
              "skipped": false
            },
            {
              "title": "/v2/pet deleteError",
              "fullTitle": "Pet Tests /v2/pet deleteError",
              "timedOut": null,
              "duration": 186,
              "state": "passed",
              "speed": "fast",
              "pass": true,
              "fail": false,
              "pending": false,
              "context": null,
              "code": "cy.request({\n  method: 'DELETE',\n  url: url + '/v2/pet',\n  headers: petData.errorHeaderPayload(),\n  failOnStatusCode: false\n}).then(response => {\n  expect(response.status).to.eq(405); //Method Not Allowed\n});",
              "err": {},
              "uuid": "836d807e-e48e-4202-b60c-f8b48c387c80",
              "parentUUID": "6267556c-fa32-4df4-8470-f2a3eb3f2bb4",
              "isHook": false,
              "skipped": false
            },
            {
              "title": "/v2/pet/907 deletePet",
              "fullTitle": "Pet Tests /v2/pet/907 deletePet",
              "timedOut": null,
              "duration": 183,
              "state": "passed",
              "speed": "fast",
              "pass": true,
              "fail": false,
              "pending": false,
              "context": null,
              "code": "cy.request('DELETE', url + '/v2/pet/907').then(response => {\n  expect(response.status).to.eq(200);\n});",
              "err": {},
              "uuid": "b9f3b499-df0f-407c-875c-27852c558714",
              "parentUUID": "6267556c-fa32-4df4-8470-f2a3eb3f2bb4",
              "isHook": false,
              "skipped": false
            },
            {
              "title": "/v2/pet/907 deleteSamePet",
              "fullTitle": "Pet Tests /v2/pet/907 deleteSamePet",
              "timedOut": null,
              "duration": 185,
              "state": "passed",
              "speed": "fast",
              "pass": true,
              "fail": false,
              "pending": false,
              "context": null,
              "code": "cy.request({\n  method: 'DELETE',\n  url: url + '/v2/pet/907',\n  headers: petData.samePetHeaderPayload(),\n  failOnStatusCode: false\n}).then(response => {\n  expect(response.status).to.eq(404); //Not Found\n});",
              "err": {},
              "uuid": "46caa4d7-bb94-437c-b8b8-4d39a0f00332",
              "parentUUID": "6267556c-fa32-4df4-8470-f2a3eb3f2bb4",
              "isHook": false,
              "skipped": false
            }
          ],
          "suites": [],
          "passes": [
            "930d9c8f-4bfd-4060-bc69-08037f7b4d99",
            "247ee208-426a-4d6c-8c43-751d46dd829d",
            "c1a37a8d-cca9-444a-b586-8266659d3194",
            "319fd9ca-ed53-42dd-9c37-d6e4ad8108c5",
            "ed51cc19-bc39-44a1-acd8-513c4aef2b19",
            "a04605ee-19f7-4464-9948-c1cbdd8030e6",
            "8f130bff-56e5-4238-9301-183f25ab18cc",
            "e07a936b-5ca3-4aa5-a9b2-a56bbf1533f6",
            "bfd5cf08-4099-483f-98ef-01a3cb4f7397",
            "504db51e-1898-4855-8356-082f2ead985a",
            "836d807e-e48e-4202-b60c-f8b48c387c80",
            "b9f3b499-df0f-407c-875c-27852c558714",
            "46caa4d7-bb94-437c-b8b8-4d39a0f00332"
          ],
          "failures": [],
          "pending": [],
          "skipped": [],
          "duration": 3537,
          "root": false,
          "rootEmpty": false,
          "_timeout": 2000
        }
      ],
      "passes": [],
      "failures": [],
      "pending": [],
      "skipped": [],
      "duration": 0,
      "root": true,
      "rootEmpty": true,
      "_timeout": 2000
    }
  ],
  "meta": {
    "mocha": {
      "version": "7.0.1"
    },
    "mochawesome": {
      "options": {
        "quiet": false,
        "reportFilename": "mochawesome",
        "saveHtml": true,
        "saveJson": true,
        "consoleReporter": "spec",
        "useInlineDiffs": false,
        "code": true
      },
      "version": "7.1.3"
    },
    "marge": {
      "options": {
        "reportDir": "cypress/reports",
        "overwrite": false,
        "html": true,
        "json": true,
        "charts": true
      },
      "version": "6.2.0"
    }
  }
}