{
  "stats": {
    "suites": 1,
    "tests": 9,
    "passes": 9,
    "pending": 0,
    "failures": 0,
    "start": "2024-08-12T12:21:15.064Z",
    "end": "2024-08-12T12:21:31.458Z",
    "duration": 16394,
    "testsRegistered": 9,
    "passPercent": 100,
    "pendingPercent": 0,
    "other": 0,
    "hasOther": false,
    "skipped": 0,
    "hasSkipped": false
  },
  "results": [
    {
      "uuid": "653543ed-152f-44df-ba98-b119c60c4e54",
      "title": "",
      "fullFile": "cypress\\e2e\\tests\\userTests.cy.js",
      "file": "cypress\\e2e\\tests\\userTests.cy.js",
      "beforeHooks": [],
      "afterHooks": [],
      "tests": [],
      "suites": [
        {
          "uuid": "d7daf863-8852-4d05-84ae-4889b50f41ad",
          "title": "User Tests",
          "fullFile": "",
          "file": "",
          "beforeHooks": [],
          "afterHooks": [],
          "tests": [
            {
              "title": "/v2/user createUser",
              "fullTitle": "User Tests /v2/user createUser",
              "timedOut": null,
              "duration": 454,
              "state": "passed",
              "speed": "fast",
              "pass": true,
              "fail": false,
              "pending": false,
              "context": null,
              "code": "cy.request({\n  method: 'POST',\n  url: url + '/v2/user',\n  body: userData.bodyPayload()\n}).then(response => {\n  expect(response.status).to.eq(200);\n});",
              "err": {},
              "uuid": "6fa8a7d2-4a43-4821-8fba-03c5cc2148c5",
              "parentUUID": "d7daf863-8852-4d05-84ae-4889b50f41ad",
              "isHook": false,
              "skipped": false
            },
            {
              "title": "/v2/user/selim getUser",
              "fullTitle": "User Tests /v2/user/selim getUser",
              "timedOut": null,
              "duration": 181,
              "state": "passed",
              "speed": "fast",
              "pass": true,
              "fail": false,
              "pending": false,
              "context": null,
              "code": "cy.request('GET', url + '/v2/user/selim').then(response => {\n  expect(response.status).to.eq(200);\n});",
              "err": {},
              "uuid": "56eee178-7ea9-4d3e-9883-b912dbd2057f",
              "parentUUID": "d7daf863-8852-4d05-84ae-4889b50f41ad",
              "isHook": false,
              "skipped": false
            },
            {
              "title": "/v2/user/selim updateUser",
              "fullTitle": "User Tests /v2/user/selim updateUser",
              "timedOut": null,
              "duration": 178,
              "state": "passed",
              "speed": "fast",
              "pass": true,
              "fail": false,
              "pending": false,
              "context": null,
              "code": "cy.request({\n  method: 'PUT',\n  url: url + '/v2/user/selim',\n  body: userData.uploadPayload(456, \"can@email.com\", \"1\", \"555\")\n}).then(response => {\n  expect(response.status).to.eq(200);\n});",
              "err": {},
              "uuid": "8277cdf1-584b-43cd-805c-59f2f2171a34",
              "parentUUID": "d7daf863-8852-4d05-84ae-4889b50f41ad",
              "isHook": false,
              "skipped": false
            },
            {
              "title": "/v2/user/selim nullUpdateUser",
              "fullTitle": "User Tests /v2/user/selim nullUpdateUser",
              "timedOut": null,
              "duration": 223,
              "state": "passed",
              "speed": "fast",
              "pass": true,
              "fail": false,
              "pending": false,
              "context": null,
              "code": "cy.request({\n  method: 'PUT',\n  url: url + \"/v2/pet\",\n  headers: userData.headerPayload(),\n  failOnStatusCode: false\n}).then(response => {\n  expect(response.status).to.eq(405); //Method Not Allowed\n});",
              "err": {},
              "uuid": "89b9c970-91d7-49c9-b10a-cca8ade259fc",
              "parentUUID": "d7daf863-8852-4d05-84ae-4889b50f41ad",
              "isHook": false,
              "skipped": false
            },
            {
              "title": "/v2/user/selim deleteUser",
              "fullTitle": "User Tests /v2/user/selim deleteUser",
              "timedOut": null,
              "duration": 1127,
              "state": "passed",
              "speed": "fast",
              "pass": true,
              "fail": false,
              "pending": false,
              "context": null,
              "code": "cy.request({\n  method: 'DELETE',\n  url: url + '/v2/user/selim',\n  headers: userData.headerPayload()\n}).then(response => {\n  expect(response.status).to.eq(200);\n});",
              "err": {},
              "uuid": "a9a856cb-1b39-415f-b750-63d6d7f59df8",
              "parentUUID": "d7daf863-8852-4d05-84ae-4889b50f41ad",
              "isHook": false,
              "skipped": false
            },
            {
              "title": "/v2/user/login",
              "fullTitle": "User Tests /v2/user/login",
              "timedOut": null,
              "duration": 1562,
              "state": "passed",
              "speed": "fast",
              "pass": true,
              "fail": false,
              "pending": false,
              "context": null,
              "code": "cy.request({\n  method: 'GET',\n  url: url + '/v2/user/login',\n  query: userData.userSing(\"selim\", \"123456asd\")\n}).then(response => {\n  expect(response.status).to.eq(200);\n});",
              "err": {},
              "uuid": "8c73b6d4-f6b9-4f0b-93ec-6955dfb4fcf5",
              "parentUUID": "d7daf863-8852-4d05-84ae-4889b50f41ad",
              "isHook": false,
              "skipped": false
            },
            {
              "title": "/v2/user/logout",
              "fullTitle": "User Tests /v2/user/logout",
              "timedOut": null,
              "duration": 1017,
              "state": "passed",
              "speed": "fast",
              "pass": true,
              "fail": false,
              "pending": false,
              "context": null,
              "code": "cy.request({\n  method: 'GET',\n  url: url + '/v2/user/logout',\n  headers: userData.headerPayload()\n}).then(response => {\n  expect(response.status).to.eq(200);\n});",
              "err": {},
              "uuid": "27834d99-14fc-4b59-847f-3959fd8ad381",
              "parentUUID": "d7daf863-8852-4d05-84ae-4889b50f41ad",
              "isHook": false,
              "skipped": false
            },
            {
              "title": "/v2/user/createWithList",
              "fullTitle": "User Tests /v2/user/createWithList",
              "timedOut": null,
              "duration": 2528,
              "state": "passed",
              "speed": "fast",
              "pass": true,
              "fail": false,
              "pending": false,
              "context": null,
              "code": "cy.request({\n  method: 'POST',\n  url: url + '/v2/user/createWithList',\n  body: userData.listPostData()\n}).then(response => {\n  expect(response.status).to.eq(200);\n});",
              "err": {},
              "uuid": "03fd6ac5-cae3-4d69-8772-c5ef13beaa8f",
              "parentUUID": "d7daf863-8852-4d05-84ae-4889b50f41ad",
              "isHook": false,
              "skipped": false
            },
            {
              "title": "/v2/user/createWithArray",
              "fullTitle": "User Tests /v2/user/createWithArray",
              "timedOut": null,
              "duration": 8633,
              "state": "passed",
              "speed": "medium",
              "pass": true,
              "fail": false,
              "pending": false,
              "context": null,
              "code": "cy.request({\n  method: 'POST',\n  url: url + '/v2/user/createWithArray',\n  body: userData.arrayPostData(),\n  headers: userData.headerPayload()\n}).then(response => {\n  expect(response.status).to.eq(200);\n});",
              "err": {},
              "uuid": "d4079788-1496-46a2-939d-8cdbcd0379f2",
              "parentUUID": "d7daf863-8852-4d05-84ae-4889b50f41ad",
              "isHook": false,
              "skipped": false
            }
          ],
          "suites": [],
          "passes": [
            "6fa8a7d2-4a43-4821-8fba-03c5cc2148c5",
            "56eee178-7ea9-4d3e-9883-b912dbd2057f",
            "8277cdf1-584b-43cd-805c-59f2f2171a34",
            "89b9c970-91d7-49c9-b10a-cca8ade259fc",
            "a9a856cb-1b39-415f-b750-63d6d7f59df8",
            "8c73b6d4-f6b9-4f0b-93ec-6955dfb4fcf5",
            "27834d99-14fc-4b59-847f-3959fd8ad381",
            "03fd6ac5-cae3-4d69-8772-c5ef13beaa8f",
            "d4079788-1496-46a2-939d-8cdbcd0379f2"
          ],
          "failures": [],
          "pending": [],
          "skipped": [],
          "duration": 15903,
          "root": false,
          "rootEmpty": false,
          "_timeout": 2000
        }
      ],
      "passes": [],
      "failures": [],
      "pending": [],
      "skipped": [],
      "duration": 0,
      "root": true,
      "rootEmpty": true,
      "_timeout": 2000
    }
  ],
  "meta": {
    "mocha": {
      "version": "7.0.1"
    },
    "mochawesome": {
      "options": {
        "quiet": false,
        "reportFilename": "mochawesome",
        "saveHtml": true,
        "saveJson": true,
        "consoleReporter": "spec",
        "useInlineDiffs": false,
        "code": true
      },
      "version": "7.1.3"
    },
    "marge": {
      "options": {
        "reportDir": "cypress/reports",
        "overwrite": false,
        "html": true,
        "json": true,
        "charts": true
      },
      "version": "6.2.0"
    }
  }
}